#
# There is insufficient memory for the Java Runtime Environment to continue.
# Native memory allocation (malloc) failed to allocate 131696 bytes. Error detail: Chunk::new
# Possible reasons:
#   The system is out of physical RAM or swap space
#   This process is running with CompressedOops enabled, and the Java Heap may be blocking the growth of the native heap
# Possible solutions:
#   Reduce memory load on the system
#   Increase physical memory or swap space
#   Check if swap backing store is full
#   Decrease Java heap size (-Xmx/-Xms)
#   Decrease number of Java threads
#   Decrease Java thread stack sizes (-Xss)
#   Set larger code cache with -XX:ReservedCodeCacheSize=
#   JVM is running with Zero Based Compressed Oops mode in which the Java heap is
#     placed in the first 32GB address space. The Java Heap base address is the
#     maximum limit for the native heap growth. Please use -XX:HeapBaseMinAddress
#     to set the Java Heap base and to place the Java Heap above 32GB virtual address.
# This output file may be truncated or incomplete.
#
#  Out of Memory Error (arena.cpp:168), pid=2660, tid=3132
#
# JRE version: OpenJDK Runtime Environment (21.0.5) (build 21.0.5+-12932927-b750.29)
# Java VM: OpenJDK 64-Bit Server VM (21.0.5+-12932927-b750.29, mixed mode, tiered, compressed oops, compressed class ptrs, g1 gc, windows-amd64)
# No core dump will be written. Minidumps are not enabled by default on client versions of Windows
#

---------------  S U M M A R Y ------------

Command Line: org.jetbrains.kotlin.cli.jvm.K2JVMCompiler @C:\Users\USER\AndroidStudioProjects\Solvr\app\build\20250514_8392681767127222972.compiler.options

Host: AMD Ryzen 5 4600H with Radeon Graphics         , 12 cores, 15G,  Windows 11 , 64 bit Build 22621 (10.0.22621.5124)
Time: Wed May 14 15:20:04 2025 SE Asia Standard Time elapsed time: 18.807931 seconds (0d 0h 0m 18s)

---------------  T H R E A D  ---------------

Current thread (0x00000265fd443de0):  JavaThread "C2 CompilerThread0" daemon [_thread_in_native, id=3132, stack(0x0000006623900000,0x0000006623a00000) (1024K)]


Current CompileTask:
C2:18808 17668       4       java.util.AbstractCollection::containsAll (38 bytes)

Stack: [0x0000006623900000,0x0000006623a00000]
Native frames: (J=compiled Java code, j=interpreted, Vv=VM code, C=native code)
V  [jvm.dll+0x6cfb29]
V  [jvm.dll+0x85ded3]
V  [jvm.dll+0x86042e]
V  [jvm.dll+0x860b13]
V  [jvm.dll+0x27e6b6]
V  [jvm.dll+0xbff6d]
V  [jvm.dll+0xc04a3]
V  [jvm.dll+0x3b5fc1]
V  [jvm.dll+0x1de852]
V  [jvm.dll+0x247db4]
V  [jvm.dll+0x247231]
V  [jvm.dll+0x1c5ee4]
V  [jvm.dll+0x25697c]
V  [jvm.dll+0x254ec6]
V  [jvm.dll+0x3f0ce6]
V  [jvm.dll+0x806368]
V  [jvm.dll+0x6ce3fd]
C  [ucrtbase.dll+0x29333]
C  [KERNEL32.DLL+0x1259d]
C  [ntdll.dll+0x5af38]


---------------  P R O C E S S  ---------------

Threads class SMR info:
_java_thread_list=0x00000265871a4c40, length=12, elements={
0x00000265e0f66520, 0x00000265fd41fc90, 0x00000265fd4249b0, 0x00000265fd431130,
0x00000265fd441fb0, 0x00000265fd442610, 0x00000265fd443060, 0x00000265fd443de0,
0x00000265fd44cae0, 0x00000265fd5e7670, 0x00000265fd5e7e90, 0x00000265fe7e9d10
}

Java Threads: ( => current thread )
  0x00000265e0f66520 JavaThread "main"                              [_thread_in_Java, id=212, stack(0x0000006622b00000,0x0000006622c00000) (1024K)]
  0x00000265fd41fc90 JavaThread "Reference Handler"          daemon [_thread_blocked, id=1376, stack(0x0000006623300000,0x0000006623400000) (1024K)]
  0x00000265fd4249b0 JavaThread "Finalizer"                  daemon [_thread_blocked, id=19988, stack(0x0000006623400000,0x0000006623500000) (1024K)]
  0x00000265fd431130 JavaThread "Signal Dispatcher"          daemon [_thread_blocked, id=22236, stack(0x0000006623500000,0x0000006623600000) (1024K)]
  0x00000265fd441fb0 JavaThread "Attach Listener"            daemon [_thread_blocked, id=13660, stack(0x0000006623600000,0x0000006623700000) (1024K)]
  0x00000265fd442610 JavaThread "Service Thread"             daemon [_thread_blocked, id=22116, stack(0x0000006623700000,0x0000006623800000) (1024K)]
  0x00000265fd443060 JavaThread "Monitor Deflation Thread"   daemon [_thread_blocked, id=6936, stack(0x0000006623800000,0x0000006623900000) (1024K)]
=>0x00000265fd443de0 JavaThread "C2 CompilerThread0"         daemon [_thread_in_native, id=3132, stack(0x0000006623900000,0x0000006623a00000) (1024K)]
  0x00000265fd44cae0 JavaThread "C1 CompilerThread0"         daemon [_thread_blocked, id=12076, stack(0x0000006623a00000,0x0000006623b00000) (1024K)]
  0x00000265fd5e7670 JavaThread "Notification Thread"        daemon [_thread_blocked, id=14292, stack(0x0000006623b00000,0x0000006623c00000) (1024K)]
  0x00000265fd5e7e90 JavaThread "Common-Cleaner"             daemon [_thread_blocked, id=14404, stack(0x0000006623c00000,0x0000006623d00000) (1024K)]
  0x00000265fe7e9d10 JavaThread "C2 CompilerThread1"         daemon [_thread_in_native, id=23096, stack(0x0000006623d00000,0x0000006623e00000) (1024K)]
Total: 12

Other Threads:
  0x00000265fd3c8e00 VMThread "VM Thread"                           [id=19036, stack(0x0000006623200000,0x0000006623300000) (1024K)]
  0x00000265fd107d00 WatcherThread "VM Periodic Task Thread"        [id=2816, stack(0x0000006623100000,0x0000006623200000) (1024K)]
  0x00000265e3252b20 WorkerThread "GC Thread#0"                     [id=18864, stack(0x0000006622c00000,0x0000006622d00000) (1024K)]
  0x00000265fde06de0 WorkerThread "GC Thread#1"                     [id=18804, stack(0x0000006623e00000,0x0000006623f00000) (1024K)]
  0x00000265fde07180 WorkerThread "GC Thread#2"                     [id=21256, stack(0x0000006623f00000,0x0000006624000000) (1024K)]
  0x00000265fde07520 WorkerThread "GC Thread#3"                     [id=23380, stack(0x0000006624000000,0x0000006624100000) (1024K)]
  0x00000265fde078c0 WorkerThread "GC Thread#4"                     [id=23360, stack(0x0000006624100000,0x0000006624200000) (1024K)]
  0x00000265fdf7e870 WorkerThread "GC Thread#5"                     [id=9724, stack(0x0000006624200000,0x0000006624300000) (1024K)]
  0x00000265fdf7fe30 WorkerThread "GC Thread#6"                     [id=22892, stack(0x0000006624300000,0x0000006624400000) (1024K)]
  0x00000265fdf7f6f0 WorkerThread "GC Thread#7"                     [id=14876, stack(0x0000006624400000,0x0000006624500000) (1024K)]
  0x00000265fe72f3f0 WorkerThread "GC Thread#8"                     [id=20584, stack(0x0000006624800000,0x0000006624900000) (1024K)]
  0x00000265fe72e1d0 WorkerThread "GC Thread#9"                     [id=12004, stack(0x0000006624900000,0x0000006624a00000) (1024K)]
  0x00000265e327fd90 ConcurrentGCThread "G1 Main Marker"            [id=10872, stack(0x0000006622d00000,0x0000006622e00000) (1024K)]
  0x00000265e3280890 WorkerThread "G1 Conc#0"                       [id=10956, stack(0x0000006622e00000,0x0000006622f00000) (1024K)]
  0x00000265fdf7e4d0 WorkerThread "G1 Conc#1"                       [id=5140, stack(0x0000006624500000,0x0000006624600000) (1024K)]
  0x00000265fdf7fa90 WorkerThread "G1 Conc#2"                       [id=3616, stack(0x0000006624600000,0x0000006624700000) (1024K)]
  0x00000265fcfd9100 ConcurrentGCThread "G1 Refine#0"               [id=18204, stack(0x0000006622f00000,0x0000006623000000) (1024K)]
  0x00000265fcfd9c70 ConcurrentGCThread "G1 Service"                [id=19380, stack(0x0000006623000000,0x0000006623100000) (1024K)]
Total: 18

Threads with active compile tasks:
C2 CompilerThread0  18825 17668       4       java.util.AbstractCollection::containsAll (38 bytes)
C2 CompilerThread1  18825 17664       4       org.jetbrains.kotlin.backend.jvm.mapping.IrTypeMapper::computeClassInternalName (378 bytes)
Total: 2

VM state: not at safepoint (normal execution)

VM Mutex/Monitor currently owned by a thread: None

Heap address: 0x0000000709400000, size: 3948 MB, Compressed Oops mode: Zero based, Oop shift amount: 3

CDS archive(s) not mapped
Compressed class space mapped at: 0x0000000800000000-0x0000000840000000, reserved size: 1073741824
Narrow klass base: 0x0000000800000000, Narrow klass shift: 0, Narrow klass range: 0x40000000

GC Precious Log:
 CardTable entry size: 512
 Card Set container configuration: InlinePtr #cards 4 size 8 Array Of Cards #cards 16 size 48 Howl #buckets 8 coarsen threshold 3686 Howl Bitmap #cards 512 size 80 coarsen threshold 460 Card regions per heap region 1 cards per card region 4096
 CPUs: 12 total, 12 available
 Memory: 15791M
 Large Page Support: Disabled
 NUMA Support: Disabled
 Compressed Oops: Enabled (Zero based)
 Heap Region Size: 2M
 Heap Min Capacity: 8M
 Heap Initial Capacity: 248M
 Heap Max Capacity: 3948M
 Pre-touch: Disabled
 Parallel Workers: 10
 Concurrent Workers: 3
 Concurrent Refinement Workers: 10
 Periodic GC: Disabled

Heap:
 garbage-first heap   total 208896K, used 128821K [0x0000000709400000, 0x0000000800000000)
  region size 2048K, 7 young (14336K), 3 survivors (6144K)
 Metaspace       used 94879K, committed 95360K, reserved 1179648K
  class space    used 9654K, committed 9856K, reserved 1048576K

Heap Regions: E=young(eden), S=young(survivor), O=old, HS=humongous(starts), HC=humongous(continues), CS=collection set, F=free, TAMS=top-at-mark-start, PB=parsable bottom
|   0|0x0000000709400000, 0x0000000709600000, 0x0000000709600000|100%|HS|  |TAMS 0x0000000709400000| PB 0x0000000709400000| Complete 
|   1|0x0000000709600000, 0x0000000709800000, 0x0000000709800000|100%|HC|  |TAMS 0x0000000709600000| PB 0x0000000709600000| Complete 
|   2|0x0000000709800000, 0x0000000709a00000, 0x0000000709a00000|100%| O|  |TAMS 0x0000000709800000| PB 0x0000000709800000| Untracked 
|   3|0x0000000709a00000, 0x0000000709c00000, 0x0000000709c00000|100%| O|  |TAMS 0x0000000709a00000| PB 0x0000000709a00000| Untracked 
|   4|0x0000000709c00000, 0x0000000709e00000, 0x0000000709e00000|100%| O|  |TAMS 0x0000000709c00000| PB 0x0000000709c00000| Untracked 
|   5|0x0000000709e00000, 0x000000070a000000, 0x000000070a000000|100%| O|  |TAMS 0x0000000709e00000| PB 0x0000000709e00000| Untracked 
|   6|0x000000070a000000, 0x000000070a200000, 0x000000070a200000|100%| O|  |TAMS 0x000000070a000000| PB 0x000000070a000000| Untracked 
|   7|0x000000070a200000, 0x000000070a400000, 0x000000070a400000|100%| O|  |TAMS 0x000000070a200000| PB 0x000000070a200000| Untracked 
|   8|0x000000070a400000, 0x000000070a600000, 0x000000070a600000|100%| O|  |TAMS 0x000000070a400000| PB 0x000000070a400000| Untracked 
|   9|0x000000070a600000, 0x000000070a800000, 0x000000070a800000|100%| O|  |TAMS 0x000000070a600000| PB 0x000000070a600000| Untracked 
|  10|0x000000070a800000, 0x000000070aa00000, 0x000000070aa00000|100%| O|  |TAMS 0x000000070a800000| PB 0x000000070a800000| Untracked 
|  11|0x000000070aa00000, 0x000000070ac00000, 0x000000070ac00000|100%| O|  |TAMS 0x000000070aa00000| PB 0x000000070aa00000| Untracked 
|  12|0x000000070ac00000, 0x000000070ae00000, 0x000000070ae00000|100%| O|  |TAMS 0x000000070ac00000| PB 0x000000070ac00000| Untracked 
|  13|0x000000070ae00000, 0x000000070b000000, 0x000000070b000000|100%| O|  |TAMS 0x000000070ae00000| PB 0x000000070ae00000| Untracked 
|  14|0x000000070b000000, 0x000000070b200000, 0x000000070b200000|100%| O|  |TAMS 0x000000070b000000| PB 0x000000070b000000| Untracked 
|  15|0x000000070b200000, 0x000000070b400000, 0x000000070b400000|100%| O|  |TAMS 0x000000070b200000| PB 0x000000070b200000| Untracked 
|  16|0x000000070b400000, 0x000000070b600000, 0x000000070b600000|100%| O|  |TAMS 0x000000070b400000| PB 0x000000070b400000| Untracked 
|  17|0x000000070b600000, 0x000000070b800000, 0x000000070b800000|100%| O|  |TAMS 0x000000070b600000| PB 0x000000070b600000| Untracked 
|  18|0x000000070b800000, 0x000000070b800000, 0x000000070ba00000|  0%| F|  |TAMS 0x000000070b800000| PB 0x000000070b800000| Untracked 
|  19|0x000000070ba00000, 0x000000070bc00000, 0x000000070bc00000|100%| O|  |TAMS 0x000000070ba00000| PB 0x000000070ba00000| Untracked 
|  20|0x000000070bc00000, 0x000000070be00000, 0x000000070be00000|100%| O|  |TAMS 0x000000070bc00000| PB 0x000000070bc00000| Untracked 
|  21|0x000000070be00000, 0x000000070c000000, 0x000000070c000000|100%| O|  |TAMS 0x000000070be00000| PB 0x000000070be00000| Untracked 
|  22|0x000000070c000000, 0x000000070c200000, 0x000000070c200000|100%| O|  |TAMS 0x000000070c000000| PB 0x000000070c000000| Untracked 
|  23|0x000000070c200000, 0x000000070c400000, 0x000000070c400000|100%| O|  |TAMS 0x000000070c200000| PB 0x000000070c200000| Untracked 
|  24|0x000000070c400000, 0x000000070c600000, 0x000000070c600000|100%| O|  |TAMS 0x000000070c400000| PB 0x000000070c400000| Untracked 
|  25|0x000000070c600000, 0x000000070c800000, 0x000000070c800000|100%| O|  |TAMS 0x000000070c600000| PB 0x000000070c600000| Untracked 
|  26|0x000000070c800000, 0x000000070ca00000, 0x000000070ca00000|100%| O|  |TAMS 0x000000070c800000| PB 0x000000070c800000| Untracked 
|  27|0x000000070ca00000, 0x000000070cc00000, 0x000000070cc00000|100%| O|  |TAMS 0x000000070ca00000| PB 0x000000070ca00000| Untracked 
|  28|0x000000070cc00000, 0x000000070ce00000, 0x000000070ce00000|100%| O|  |TAMS 0x000000070cc00000| PB 0x000000070cc00000| Untracked 
|  29|0x000000070ce00000, 0x000000070d000000, 0x000000070d000000|100%| O|  |TAMS 0x000000070ce00000| PB 0x000000070ce00000| Untracked 
|  30|0x000000070d000000, 0x000000070d200000, 0x000000070d200000|100%| O|  |TAMS 0x000000070d000000| PB 0x000000070d000000| Untracked 
|  31|0x000000070d200000, 0x000000070d400000, 0x000000070d400000|100%| O|  |TAMS 0x000000070d200000| PB 0x000000070d200000| Untracked 
|  32|0x000000070d400000, 0x000000070d600000, 0x000000070d600000|100%| O|  |TAMS 0x000000070d400000| PB 0x000000070d400000| Untracked 
|  33|0x000000070d600000, 0x000000070d800000, 0x000000070d800000|100%| O|  |TAMS 0x000000070d600000| PB 0x000000070d600000| Untracked 
|  34|0x000000070d800000, 0x000000070da00000, 0x000000070da00000|100%| O|  |TAMS 0x000000070d800000| PB 0x000000070d800000| Untracked 
|  35|0x000000070da00000, 0x000000070dc00000, 0x000000070dc00000|100%| O|  |TAMS 0x000000070da00000| PB 0x000000070da00000| Untracked 
|  36|0x000000070dc00000, 0x000000070de00000, 0x000000070de00000|100%| O|Cm|TAMS 0x000000070dc00000| PB 0x000000070dc00000| Complete 
|  37|0x000000070de00000, 0x000000070e000000, 0x000000070e000000|100%| O|  |TAMS 0x000000070de00000| PB 0x000000070de00000| Untracked 
|  38|0x000000070e000000, 0x000000070e200000, 0x000000070e200000|100%| O|  |TAMS 0x000000070e000000| PB 0x000000070e000000| Untracked 
|  39|0x000000070e200000, 0x000000070e400000, 0x000000070e400000|100%| O|  |TAMS 0x000000070e200000| PB 0x000000070e200000| Untracked 
|  40|0x000000070e400000, 0x000000070e600000, 0x000000070e600000|100%| O|  |TAMS 0x000000070e400000| PB 0x000000070e400000| Untracked 
|  41|0x000000070e600000, 0x000000070e800000, 0x000000070e800000|100%| O|  |TAMS 0x000000070e600000| PB 0x000000070e600000| Untracked 
|  42|0x000000070e800000, 0x000000070ea00000, 0x000000070ea00000|100%| O|  |TAMS 0x000000070e800000| PB 0x000000070e800000| Untracked 
|  43|0x000000070ea00000, 0x000000070ec00000, 0x000000070ec00000|100%| O|  |TAMS 0x000000070ea00000| PB 0x000000070ea00000| Untracked 
|  44|0x000000070ec00000, 0x000000070ee00000, 0x000000070ee00000|100%| O|  |TAMS 0x000000070ec00000| PB 0x000000070ec00000| Untracked 
|  45|0x000000070ee00000, 0x000000070f000000, 0x000000070f000000|100%| O|  |TAMS 0x000000070ee00000| PB 0x000000070ee00000| Untracked 
|  46|0x000000070f000000, 0x000000070f200000, 0x000000070f200000|100%| O|  |TAMS 0x000000070f000000| PB 0x000000070f000000| Untracked 
|  47|0x000000070f200000, 0x000000070f400000, 0x000000070f400000|100%| O|  |TAMS 0x000000070f200000| PB 0x000000070f200000| Untracked 
|  48|0x000000070f400000, 0x000000070f600000, 0x000000070f600000|100%| O|  |TAMS 0x000000070f400000| PB 0x000000070f400000| Untracked 
|  49|0x000000070f600000, 0x000000070f800000, 0x000000070f800000|100%| O|  |TAMS 0x000000070f600000| PB 0x000000070f600000| Untracked 
|  50|0x000000070f800000, 0x000000070fa00000, 0x000000070fa00000|100%| O|Cm|TAMS 0x000000070f800000| PB 0x000000070f800000| Complete 
|  51|0x000000070fa00000, 0x000000070fc00000, 0x000000070fc00000|100%| O|  |TAMS 0x000000070fa00000| PB 0x000000070fa00000| Untracked 
|  52|0x000000070fc00000, 0x000000070fe00000, 0x000000070fe00000|100%| O|  |TAMS 0x000000070fc00000| PB 0x000000070fc00000| Untracked 
|  53|0x000000070fe00000, 0x0000000710000000, 0x0000000710000000|100%| O|  |TAMS 0x000000070fe00000| PB 0x000000070fe00000| Untracked 
|  54|0x0000000710000000, 0x0000000710000000, 0x0000000710200000|  0%| F|  |TAMS 0x0000000710000000| PB 0x0000000710000000| Untracked 
|  55|0x0000000710200000, 0x0000000710400000, 0x0000000710400000|100%| O|  |TAMS 0x0000000710200000| PB 0x0000000710200000| Untracked 
|  56|0x0000000710400000, 0x0000000710600000, 0x0000000710600000|100%| O|  |TAMS 0x0000000710400000| PB 0x0000000710400000| Untracked 
|  57|0x0000000710600000, 0x0000000710800000, 0x0000000710800000|100%| O|  |TAMS 0x0000000710600000| PB 0x0000000710600000| Untracked 
|  58|0x0000000710800000, 0x0000000710a00000, 0x0000000710a00000|100%| O|  |TAMS 0x0000000710800000| PB 0x0000000710800000| Untracked 
|  59|0x0000000710a00000, 0x0000000710ad2960, 0x0000000710c00000| 41%| O|  |TAMS 0x0000000710a00000| PB 0x0000000710a00000| Untracked 
|  60|0x0000000710c00000, 0x0000000710c00000, 0x0000000710e00000|  0%| F|  |TAMS 0x0000000710c00000| PB 0x0000000710c00000| Untracked 
|  61|0x0000000710e00000, 0x0000000710e00000, 0x0000000711000000|  0%| F|  |TAMS 0x0000000710e00000| PB 0x0000000710e00000| Untracked 
|  62|0x0000000711000000, 0x0000000711000000, 0x0000000711200000|  0%| F|  |TAMS 0x0000000711000000| PB 0x0000000711000000| Untracked 
|  63|0x0000000711200000, 0x0000000711200000, 0x0000000711400000|  0%| F|  |TAMS 0x0000000711200000| PB 0x0000000711200000| Untracked 
|  64|0x0000000711400000, 0x00000007114fae48, 0x0000000711600000| 49%| S|CS|TAMS 0x0000000711400000| PB 0x0000000711400000| Complete 
|  65|0x0000000711600000, 0x0000000711600000, 0x0000000711800000|  0%| F|  |TAMS 0x0000000711600000| PB 0x0000000711600000| Untracked 
|  66|0x0000000711800000, 0x0000000711800000, 0x0000000711a00000|  0%| F|  |TAMS 0x0000000711800000| PB 0x0000000711800000| Untracked 
|  67|0x0000000711a00000, 0x0000000711c00000, 0x0000000711c00000|100%| S|CS|TAMS 0x0000000711a00000| PB 0x0000000711a00000| Complete 
|  68|0x0000000711c00000, 0x0000000711e00000, 0x0000000711e00000|100%| S|CS|TAMS 0x0000000711c00000| PB 0x0000000711c00000| Complete 
|  69|0x0000000711e00000, 0x0000000711e00000, 0x0000000712000000|  0%| F|  |TAMS 0x0000000711e00000| PB 0x0000000711e00000| Untracked 
|  70|0x0000000712000000, 0x0000000712000000, 0x0000000712200000|  0%| F|  |TAMS 0x0000000712000000| PB 0x0000000712000000| Untracked 
|  71|0x0000000712200000, 0x0000000712200000, 0x0000000712400000|  0%| F|  |TAMS 0x0000000712200000| PB 0x0000000712200000| Untracked 
|  72|0x0000000712400000, 0x0000000712400000, 0x0000000712600000|  0%| F|  |TAMS 0x0000000712400000| PB 0x0000000712400000| Untracked 
|  73|0x0000000712600000, 0x0000000712600000, 0x0000000712800000|  0%| F|  |TAMS 0x0000000712600000| PB 0x0000000712600000| Untracked 
|  74|0x0000000712800000, 0x0000000712800000, 0x0000000712a00000|  0%| F|  |TAMS 0x0000000712800000| PB 0x0000000712800000| Untracked 
|  75|0x0000000712a00000, 0x0000000712a00000, 0x0000000712c00000|  0%| F|  |TAMS 0x0000000712a00000| PB 0x0000000712a00000| Untracked 
|  76|0x0000000712c00000, 0x0000000712c00000, 0x0000000712e00000|  0%| F|  |TAMS 0x0000000712c00000| PB 0x0000000712c00000| Untracked 
|  77|0x0000000712e00000, 0x0000000712e00000, 0x0000000713000000|  0%| F|  |TAMS 0x0000000712e00000| PB 0x0000000712e00000| Untracked 
|  78|0x0000000713000000, 0x0000000713000000, 0x0000000713200000|  0%| F|  |TAMS 0x0000000713000000| PB 0x0000000713000000| Untracked 
|  79|0x0000000713200000, 0x0000000713200000, 0x0000000713400000|  0%| F|  |TAMS 0x0000000713200000| PB 0x0000000713200000| Untracked 
|  80|0x0000000713400000, 0x0000000713400000, 0x0000000713600000|  0%| F|  |TAMS 0x0000000713400000| PB 0x0000000713400000| Untracked 
|  81|0x0000000713600000, 0x0000000713600000, 0x0000000713800000|  0%| F|  |TAMS 0x0000000713600000| PB 0x0000000713600000| Untracked 
|  82|0x0000000713800000, 0x0000000713800000, 0x0000000713a00000|  0%| F|  |TAMS 0x0000000713800000| PB 0x0000000713800000| Untracked 
|  83|0x0000000713a00000, 0x0000000713a00000, 0x0000000713c00000|  0%| F|  |TAMS 0x0000000713a00000| PB 0x0000000713a00000| Untracked 
|  84|0x0000000713c00000, 0x0000000713c00000, 0x0000000713e00000|  0%| F|  |TAMS 0x0000000713c00000| PB 0x0000000713c00000| Untracked 
|  85|0x0000000713e00000, 0x0000000713e00000, 0x0000000714000000|  0%| F|  |TAMS 0x0000000713e00000| PB 0x0000000713e00000| Untracked 
|  86|0x0000000714000000, 0x0000000714000000, 0x0000000714200000|  0%| F|  |TAMS 0x0000000714000000| PB 0x0000000714000000| Untracked 
|  87|0x0000000714200000, 0x0000000714200000, 0x0000000714400000|  0%| F|  |TAMS 0x0000000714200000| PB 0x0000000714200000| Untracked 
|  88|0x0000000714400000, 0x0000000714400000, 0x0000000714600000|  0%| F|  |TAMS 0x0000000714400000| PB 0x0000000714400000| Untracked 
|  89|0x0000000714600000, 0x0000000714600000, 0x0000000714800000|  0%| F|  |TAMS 0x0000000714600000| PB 0x0000000714600000| Untracked 
|  90|0x0000000714800000, 0x0000000714800000, 0x0000000714a00000|  0%| F|  |TAMS 0x0000000714800000| PB 0x0000000714800000| Untracked 
|  91|0x0000000714a00000, 0x0000000714a00000, 0x0000000714c00000|  0%| F|  |TAMS 0x0000000714a00000| PB 0x0000000714a00000| Untracked 
|  92|0x0000000714c00000, 0x0000000714c00000, 0x0000000714e00000|  0%| F|  |TAMS 0x0000000714c00000| PB 0x0000000714c00000| Untracked 
|  93|0x0000000714e00000, 0x0000000714e00000, 0x0000000715000000|  0%| F|  |TAMS 0x0000000714e00000| PB 0x0000000714e00000| Untracked 
|  94|0x0000000715000000, 0x0000000715000000, 0x0000000715200000|  0%| F|  |TAMS 0x0000000715000000| PB 0x0000000715000000| Untracked 
|  95|0x0000000715200000, 0x0000000715200000, 0x0000000715400000|  0%| F|  |TAMS 0x0000000715200000| PB 0x0000000715200000| Untracked 
|  96|0x0000000715400000, 0x0000000715400000, 0x0000000715600000|  0%| F|  |TAMS 0x0000000715400000| PB 0x0000000715400000| Untracked 
|  97|0x0000000715600000, 0x0000000715600000, 0x0000000715800000|  0%| F|  |TAMS 0x0000000715600000| PB 0x0000000715600000| Untracked 
| 106|0x0000000716800000, 0x00000007169e9a90, 0x0000000716a00000| 95%| E|  |TAMS 0x0000000716800000| PB 0x0000000716800000| Complete 
| 107|0x0000000716a00000, 0x0000000716c00000, 0x0000000716c00000|100%| E|CS|TAMS 0x0000000716a00000| PB 0x0000000716a00000| Complete 
| 108|0x0000000716c00000, 0x0000000716e00000, 0x0000000716e00000|100%| E|CS|TAMS 0x0000000716c00000| PB 0x0000000716c00000| Complete 
| 123|0x0000000718a00000, 0x0000000718c00000, 0x0000000718c00000|100%| E|CS|TAMS 0x0000000718a00000| PB 0x0000000718a00000| Complete 

Card table byte_map: [0x00000265f6050000,0x00000265f6810000] _byte_map_base: 0x00000265f2806000

Marking Bits: (CMBitMap*) 0x00000265e3253a30
 Bits: [0x00000265f6810000, 0x00000265fa5c0000)

Polling page: 0x00000265e1120000

Metaspace:

Usage:
  Non-class:     83.23 MB used.
      Class:      9.43 MB used.
       Both:     92.66 MB used.

Virtual space:
  Non-class space:      128.00 MB reserved,      83.50 MB ( 65%) committed,  2 nodes.
      Class space:        1.00 GB reserved,       9.62 MB ( <1%) committed,  1 nodes.
             Both:        1.12 GB reserved,      93.12 MB (  8%) committed. 

Chunk freelists:
   Non-Class:  12.42 MB
       Class:  6.41 MB
        Both:  18.83 MB

MaxMetaspaceSize: unlimited
CompressedClassSpaceSize: 1.00 GB
Initial GC threshold: 21.00 MB
Current GC threshold: 154.94 MB
CDS: off
 - commit_granule_bytes: 65536.
 - commit_granule_words: 8192.
 - virtual_space_node_default_size: 8388608.
 - enlarge_chunks_in_place: 1.
 - use_allocation_guard: 0.


Internal statistics:

num_allocs_failed_limit: 9.
num_arena_births: 460.
num_arena_deaths: 0.
num_vsnodes_births: 3.
num_vsnodes_deaths: 0.
num_space_committed: 1488.
num_space_uncommitted: 0.
num_chunks_returned_to_freelist: 9.
num_chunks_taken_from_freelist: 3507.
num_chunk_merges: 9.
num_chunk_splits: 2910.
num_chunks_enlarged: 2643.
num_inconsistent_stats: 0.

CodeHeap 'non-profiled nmethods': size=120000Kb used=8297Kb max_used=8620Kb free=111702Kb
 bounds [0x00000265ede10000, 0x00000265ee680000, 0x00000265f5340000]
CodeHeap 'profiled nmethods': size=120000Kb used=55472Kb max_used=58570Kb free=64527Kb
 bounds [0x00000265e6340000, 0x00000265e9c80000, 0x00000265ed870000]
CodeHeap 'non-nmethods': size=5760Kb used=1840Kb max_used=1900Kb free=3919Kb
 bounds [0x00000265ed870000, 0x00000265edae0000, 0x00000265ede10000]
 total_blobs=16064 nmethods=15233 adapters=731
 compilation: enabled
              stopped_count=0, restarted_count=0
 full_count=0

Compilation events (20 events):
Event: 18.791 Thread 0x00000265fd44cae0 nmethod 17691 0x00000265e90e9390 code [0x00000265e90e9680, 0x00000265e90ea4f0]
Event: 18.791 Thread 0x00000265fd44cae0 17692       3       org.jetbrains.kotlin.codegen.optimization.RedundantNopsCleanupMethodTransformer::recordNopsRequiredForTryCatchBlocks (128 bytes)
Event: 18.791 Thread 0x00000265fd44cae0 nmethod 17692 0x00000265e6401990 code [0x00000265e6401be0, 0x00000265e6402640]
Event: 18.792 Thread 0x00000265fd44cae0 17693       3       org.jetbrains.kotlin.codegen.StackValue::<init> (16 bytes)
Event: 18.792 Thread 0x00000265fd44cae0 nmethod 17693 0x00000265e7de2790 code [0x00000265e7de2960, 0x00000265e7de2cd0]
Event: 18.792 Thread 0x00000265fd44cae0 17694       3       org.jetbrains.kotlin.codegen.StackValue::onStack (32 bytes)
Event: 18.792 Thread 0x00000265fd44cae0 nmethod 17694 0x00000265e68f4790 code [0x00000265e68f4980, 0x00000265e68f4da8]
Event: 18.795 Thread 0x00000265fd44cae0 17695       3       org.jetbrains.kotlin.config.CompilerConfiguration::unmodifiable (116 bytes)
Event: 18.796 Thread 0x00000265fd44cae0 nmethod 17695 0x00000265e8f27610 code [0x00000265e8f27980, 0x00000265e8f292f8]
Event: 18.796 Thread 0x00000265fd44cae0 17698       3       org.jetbrains.kotlin.ir.util.IrUtilsKt::isAnnotation (40 bytes)
Event: 18.797 Thread 0x00000265fd44cae0 nmethod 17698 0x00000265e8197290 code [0x00000265e8197580, 0x00000265e8198308]
Event: 18.797 Thread 0x00000265fd44cae0 17696       3       org.jetbrains.kotlin.backend.jvm.intrinsics.BinaryOp::toCallable (174 bytes)
Event: 18.803 Thread 0x00000265fd44cae0 nmethod 17696 0x00000265e7f34210 code [0x00000265e7f34a20, 0x00000265e7f39230]
Event: 18.803 Thread 0x00000265fd44cae0 17704       3       org.jetbrains.kotlin.backend.jvm.extensions.JvmIrDeclarationOrigin::<init> (32 bytes)
Event: 18.804 Thread 0x00000265fd44cae0 nmethod 17704 0x00000265e6384590 code [0x00000265e6384860, 0x00000265e63855d0]
Event: 18.804 Thread 0x00000265fd44cae0 17697       3       org.jetbrains.kotlin.codegen.AsmUtil::numberFunctionOperandType (54 bytes)
Event: 18.804 Thread 0x00000265fd44cae0 nmethod 17697 0x00000265e7f33c90 code [0x00000265e7f33e60, 0x00000265e7f34100]
Event: 18.804 Thread 0x00000265fd44cae0 17700       3       org.jetbrains.kotlin.resolve.jvm.JvmPrimitiveType::isWrapperClassInternalName (18 bytes)
Event: 18.805 Thread 0x00000265fd44cae0 nmethod 17700 0x00000265e693c190 code [0x00000265e693c360, 0x00000265e693c680]
Event: 18.805 Thread 0x00000265fd44cae0 17701       3       org.jetbrains.org.objectweb.asm.MethodWriter::visitJumpInsn (495 bytes)

GC Heap History (20 events):
Event: 7.451 GC heap before
{Heap before GC invocations=12 (full 0):
 garbage-first heap   total 151552K, used 110588K [0x0000000709400000, 0x0000000800000000)
  region size 2048K, 34 young (69632K), 5 survivors (10240K)
 Metaspace       used 63200K, committed 63488K, reserved 1114112K
  class space    used 7177K, committed 7296K, reserved 1048576K
}
Event: 7.478 GC heap after
{Heap after GC invocations=13 (full 0):
 garbage-first heap   total 151552K, used 63488K [0x0000000709400000, 0x0000000800000000)
  region size 2048K, 5 young (10240K), 5 survivors (10240K)
 Metaspace       used 63200K, committed 63488K, reserved 1114112K
  class space    used 7177K, committed 7296K, reserved 1048576K
}
Event: 9.350 GC heap before
{Heap before GC invocations=13 (full 0):
 garbage-first heap   total 151552K, used 116736K [0x0000000709400000, 0x0000000800000000)
  region size 2048K, 31 young (63488K), 5 survivors (10240K)
 Metaspace       used 65685K, committed 66048K, reserved 1114112K
  class space    used 7357K, committed 7488K, reserved 1048576K
}
Event: 9.376 GC heap after
{Heap after GC invocations=14 (full 0):
 garbage-first heap   total 151552K, used 73728K [0x0000000709400000, 0x0000000800000000)
  region size 2048K, 4 young (8192K), 4 survivors (8192K)
 Metaspace       used 65685K, committed 66048K, reserved 1114112K
  class space    used 7357K, committed 7488K, reserved 1048576K
}
Event: 11.069 GC heap before
{Heap before GC invocations=14 (full 0):
 garbage-first heap   total 151552K, used 122880K [0x0000000709400000, 0x0000000800000000)
  region size 2048K, 28 young (57344K), 4 survivors (8192K)
 Metaspace       used 69529K, committed 69824K, reserved 1114112K
  class space    used 7653K, committed 7744K, reserved 1048576K
}
Event: 11.085 GC heap after
{Heap after GC invocations=15 (full 0):
 garbage-first heap   total 182272K, used 80376K [0x0000000709400000, 0x0000000800000000)
  region size 2048K, 3 young (6144K), 3 survivors (6144K)
 Metaspace       used 69529K, committed 69824K, reserved 1114112K
  class space    used 7653K, committed 7744K, reserved 1048576K
}
Event: 12.299 GC heap before
{Heap before GC invocations=15 (full 0):
 garbage-first heap   total 182272K, used 131576K [0x0000000709400000, 0x0000000800000000)
  region size 2048K, 29 young (59392K), 3 survivors (6144K)
 Metaspace       used 70356K, committed 70656K, reserved 1114112K
  class space    used 7693K, committed 7808K, reserved 1048576K
}
Event: 12.316 GC heap after
{Heap after GC invocations=16 (full 0):
 garbage-first heap   total 182272K, used 88522K [0x0000000709400000, 0x0000000800000000)
  region size 2048K, 5 young (10240K), 5 survivors (10240K)
 Metaspace       used 70356K, committed 70656K, reserved 1114112K
  class space    used 7693K, committed 7808K, reserved 1048576K
}
Event: 13.630 GC heap before
{Heap before GC invocations=17 (full 0):
 garbage-first heap   total 182272K, used 152010K [0x0000000709400000, 0x0000000800000000)
  region size 2048K, 36 young (73728K), 5 survivors (10240K)
 Metaspace       used 77068K, committed 77440K, reserved 1179648K
  class space    used 8293K, committed 8512K, reserved 1048576K
}
Event: 13.650 GC heap after
{Heap after GC invocations=18 (full 0):
 garbage-first heap   total 182272K, used 99485K [0x0000000709400000, 0x0000000800000000)
  region size 2048K, 5 young (10240K), 5 survivors (10240K)
 Metaspace       used 77068K, committed 77440K, reserved 1179648K
  class space    used 8293K, committed 8512K, reserved 1048576K
}
Event: 14.272 GC heap before
{Heap before GC invocations=18 (full 0):
 garbage-first heap   total 182272K, used 154781K [0x0000000709400000, 0x0000000800000000)
  region size 2048K, 32 young (65536K), 5 survivors (10240K)
 Metaspace       used 78116K, committed 78464K, reserved 1179648K
  class space    used 8347K, committed 8512K, reserved 1048576K
}
Event: 14.295 GC heap after
{Heap after GC invocations=19 (full 0):
 garbage-first heap   total 182272K, used 109442K [0x0000000709400000, 0x0000000800000000)
  region size 2048K, 4 young (8192K), 4 survivors (8192K)
 Metaspace       used 78116K, committed 78464K, reserved 1179648K
  class space    used 8347K, committed 8512K, reserved 1048576K
}
Event: 15.028 GC heap before
{Heap before GC invocations=19 (full 0):
 garbage-first heap   total 182272K, used 156546K [0x0000000709400000, 0x0000000800000000)
  region size 2048K, 27 young (55296K), 4 survivors (8192K)
 Metaspace       used 82979K, committed 83392K, reserved 1179648K
  class space    used 8748K, committed 8960K, reserved 1048576K
}
Event: 15.040 GC heap after
{Heap after GC invocations=20 (full 0):
 garbage-first heap   total 182272K, used 114015K [0x0000000709400000, 0x0000000800000000)
  region size 2048K, 2 young (4096K), 2 survivors (4096K)
 Metaspace       used 82979K, committed 83392K, reserved 1179648K
  class space    used 8748K, committed 8960K, reserved 1048576K
}
Event: 16.205 GC heap before
{Heap before GC invocations=21 (full 0):
 garbage-first heap   total 192512K, used 157023K [0x0000000709400000, 0x0000000800000000)
  region size 2048K, 24 young (49152K), 2 survivors (4096K)
 Metaspace       used 88068K, committed 88512K, reserved 1179648K
  class space    used 9140K, committed 9344K, reserved 1048576K
}
Event: 16.216 GC heap after
{Heap after GC invocations=22 (full 0):
 garbage-first heap   total 192512K, used 119143K [0x0000000709400000, 0x0000000800000000)
  region size 2048K, 3 young (6144K), 3 survivors (6144K)
 Metaspace       used 88068K, committed 88512K, reserved 1179648K
  class space    used 9140K, committed 9344K, reserved 1048576K
}
Event: 17.253 GC heap before
{Heap before GC invocations=22 (full 0):
 garbage-first heap   total 192512K, used 168295K [0x0000000709400000, 0x0000000800000000)
  region size 2048K, 27 young (55296K), 3 survivors (6144K)
 Metaspace       used 89199K, committed 89600K, reserved 1179648K
  class space    used 9213K, committed 9408K, reserved 1048576K
}
Event: 17.263 GC heap after
{Heap after GC invocations=23 (full 0):
 garbage-first heap   total 192512K, used 120324K [0x0000000709400000, 0x0000000800000000)
  region size 2048K, 2 young (4096K), 2 survivors (4096K)
 Metaspace       used 89199K, committed 89600K, reserved 1179648K
  class space    used 9213K, committed 9408K, reserved 1048576K
}
Event: 18.524 GC heap before
{Heap before GC invocations=23 (full 0):
 garbage-first heap   total 192512K, used 169476K [0x0000000709400000, 0x0000000800000000)
  region size 2048K, 27 young (55296K), 2 survivors (4096K)
 Metaspace       used 94623K, committed 95040K, reserved 1179648K
  class space    used 9654K, committed 9856K, reserved 1048576K
}
Event: 18.532 GC heap after
{Heap after GC invocations=24 (full 0):
 garbage-first heap   total 192512K, used 122677K [0x0000000709400000, 0x0000000800000000)
  region size 2048K, 3 young (6144K), 3 survivors (6144K)
 Metaspace       used 94623K, committed 95040K, reserved 1179648K
  class space    used 9654K, committed 9856K, reserved 1048576K
}

Dll operation events (3 events):
Event: 0.012 Loaded shared library D:\Alif\Sofware\Android Studio\jbr\bin\java.dll
Event: 0.020 Loaded shared library D:\Alif\Sofware\Android Studio\jbr\bin\zip.dll
Event: 1.631 Loaded shared library D:\Alif\Sofware\Android Studio\jbr\bin\verify.dll

Deoptimization events (20 events):
Event: 18.378 Thread 0x00000265e0f66520 Uncommon trap: trap_request=0xffffffd6 fr.pc=0x00000265ee6517d8 relative=0x0000000000000ad8
Event: 18.378 Thread 0x00000265e0f66520 Uncommon trap: reason=array_check action=maybe_recompile pc=0x00000265ee6517d8 method=org.jetbrains.org.objectweb.asm.tree.analysis.Frame.push(Lorg/jetbrains/org/objectweb/asm/tree/analysis/Value;)V @ 48 c2
Event: 18.378 Thread 0x00000265e0f66520 DEOPT PACKING pc=0x00000265ee6517d8 sp=0x0000006622bfd5d0
Event: 18.378 Thread 0x00000265e0f66520 DEOPT UNPACKING pc=0x00000265ed8c46a2 sp=0x0000006622bfd4e8 mode 2
Event: 18.747 Thread 0x00000265e0f66520 Uncommon trap: trap_request=0xffffffd6 fr.pc=0x00000265ee036200 relative=0x0000000000000320
Event: 18.747 Thread 0x00000265e0f66520 Uncommon trap: reason=array_check action=maybe_recompile pc=0x00000265ee036200 method=org.jetbrains.org.objectweb.asm.tree.analysis.Frame.merge(Lorg/jetbrains/org/objectweb/asm/tree/analysis/Frame;Lorg/jetbrains/org/objectweb/asm/tree/analysis/Interpreter
Event: 18.747 Thread 0x00000265e0f66520 DEOPT PACKING pc=0x00000265ee036200 sp=0x0000006622bfd230
Event: 18.747 Thread 0x00000265e0f66520 DEOPT UNPACKING pc=0x00000265ed8c46a2 sp=0x0000006622bfd1e0 mode 2
Event: 18.747 Thread 0x00000265e0f66520 Uncommon trap: trap_request=0xffffffd6 fr.pc=0x00000265ee036200 relative=0x0000000000000320
Event: 18.747 Thread 0x00000265e0f66520 Uncommon trap: reason=array_check action=maybe_recompile pc=0x00000265ee036200 method=org.jetbrains.org.objectweb.asm.tree.analysis.Frame.merge(Lorg/jetbrains/org/objectweb/asm/tree/analysis/Frame;Lorg/jetbrains/org/objectweb/asm/tree/analysis/Interpreter
Event: 18.747 Thread 0x00000265e0f66520 DEOPT PACKING pc=0x00000265ee036200 sp=0x0000006622bfd230
Event: 18.747 Thread 0x00000265e0f66520 DEOPT UNPACKING pc=0x00000265ed8c46a2 sp=0x0000006622bfd1e0 mode 2
Event: 18.747 Thread 0x00000265e0f66520 Uncommon trap: trap_request=0xffffffd6 fr.pc=0x00000265ee036200 relative=0x0000000000000320
Event: 18.747 Thread 0x00000265e0f66520 Uncommon trap: reason=array_check action=maybe_recompile pc=0x00000265ee036200 method=org.jetbrains.org.objectweb.asm.tree.analysis.Frame.merge(Lorg/jetbrains/org/objectweb/asm/tree/analysis/Frame;Lorg/jetbrains/org/objectweb/asm/tree/analysis/Interpreter
Event: 18.747 Thread 0x00000265e0f66520 DEOPT PACKING pc=0x00000265ee036200 sp=0x0000006622bfd0f0
Event: 18.747 Thread 0x00000265e0f66520 DEOPT UNPACKING pc=0x00000265ed8c46a2 sp=0x0000006622bfd0a0 mode 2
Event: 18.747 Thread 0x00000265e0f66520 Uncommon trap: trap_request=0xffffffd6 fr.pc=0x00000265ee036200 relative=0x0000000000000320
Event: 18.747 Thread 0x00000265e0f66520 Uncommon trap: reason=array_check action=maybe_recompile pc=0x00000265ee036200 method=org.jetbrains.org.objectweb.asm.tree.analysis.Frame.merge(Lorg/jetbrains/org/objectweb/asm/tree/analysis/Frame;Lorg/jetbrains/org/objectweb/asm/tree/analysis/Interpreter
Event: 18.747 Thread 0x00000265e0f66520 DEOPT PACKING pc=0x00000265ee036200 sp=0x0000006622bfd230
Event: 18.747 Thread 0x00000265e0f66520 DEOPT UNPACKING pc=0x00000265ed8c46a2 sp=0x0000006622bfd1e0 mode 2

Classes loaded (20 events):
Event: 17.576 Loading class java/lang/TypeNotPresentException
Event: 17.576 Loading class java/lang/TypeNotPresentException done
Event: 17.802 Loading class java/util/Formatter
Event: 17.802 Loading class java/util/Formatter done
Event: 17.802 Loading class java/util/Formatter$FixedString
Event: 17.802 Loading class java/util/Formatter$FormatString
Event: 17.802 Loading class java/util/Formatter$FormatString done
Event: 17.802 Loading class java/util/Formatter$FixedString done
Event: 17.802 Loading class java/util/Formatter$Conversion
Event: 17.802 Loading class java/util/Formatter$Conversion done
Event: 17.803 Loading class java/util/Formatter$FormatSpecifier
Event: 17.803 Loading class java/util/Formatter$FormatSpecifier done
Event: 17.804 Loading class java/util/Formattable
Event: 17.804 Loading class java/util/Formattable done
Event: 17.804 Loading class java/util/Formatter$Flags
Event: 17.804 Loading class java/util/Formatter$Flags done
Event: 17.911 Loading class java/util/Vector$Itr
Event: 17.911 Loading class java/util/Vector$Itr done
Event: 18.068 Loading class java/util/regex/Pattern$Dollar
Event: 18.068 Loading class java/util/regex/Pattern$Dollar done

Classes unloaded (0 events):
No events

Classes redefined (0 events):
No events

Internal exceptions (20 events):
Event: 13.134 Thread 0x00000265e0f66520 Exception <a 'java/lang/NoSuchMethodError'{0x00000007114e5000}: 'java.lang.Object java.lang.invoke.DirectMethodHandle$Holder.invokeSpecial(java.lang.Object, java.lang.Object, java.lang.Object, java.lang.Object, java.lang.Object, java.lang.Object, java.lang.Object, java.lang.Object, int)'> (0x00000007114e5000) 
thrown [s\src\hotspot\share\interpreter\linkResolver.cpp, line 784]
Event: 13.134 Thread 0x00000265e0f66520 Exception <a 'java/lang/NoSuchMethodError'{0x00000007114e8f28}: 'java.lang.Object java.lang.invoke.Invokers$Holder.linkToTargetMethod(java.lang.Object, java.lang.Object, java.lang.Object, java.lang.Object, java.lang.Object, java.lang.Object, int, java.lang.Object)'> (0x00000007114e8f28) 
thrown [s\src\hotspot\share\interpreter\linkResolver.cpp, line 784]
Event: 13.213 Thread 0x00000265e0f66520 Exception <a 'java/lang/NoSuchMethodError'{0x0000000711240828}: 'java.lang.Object java.lang.invoke.DirectMethodHandle$Holder.invokeStatic(java.lang.Object, java.lang.Object, java.lang.Object, int, int)'> (0x0000000711240828) 
thrown [s\src\hotspot\share\interpreter\linkResolver.cpp, line 784]
Event: 14.786 Thread 0x00000265e0f66520 Exception <a 'java/lang/NoSuchMethodError'{0x00000007120590b8}: 'java.lang.Object java.lang.invoke.DirectMethodHandle$Holder.newInvokeSpecial(java.lang.Object, int, java.lang.Object, int)'> (0x00000007120590b8) 
thrown [s\src\hotspot\share\interpreter\linkResolver.cpp, line 784]
Event: 15.065 Thread 0x00000265e0f66520 Implicit null exception at 0x00000265ee4f79a3 to 0x00000265ee4fec14
Event: 15.347 Thread 0x00000265e0f66520 Exception <a 'java/lang/NoSuchMethodError'{0x0000000714660d30}: 'java.lang.Object java.lang.invoke.DirectMethodHandle$Holder.newInvokeSpecial(java.lang.Object, java.lang.Object, java.lang.Object, int, int, java.lang.Object)'> (0x0000000714660d30) 
thrown [s\src\hotspot\share\interpreter\linkResolver.cpp, line 784]
Event: 15.348 Thread 0x00000265e0f66520 Exception <a 'java/lang/NoSuchMethodError'{0x0000000714665000}: 'java.lang.Object java.lang.invoke.DirectMethodHandle$Holder.invokeSpecial(java.lang.Object, java.lang.Object, java.lang.Object, java.lang.Object, int, int, java.lang.Object)'> (0x0000000714665000) 
thrown [s\src\hotspot\share\interpreter\linkResolver.cpp, line 784]
Event: 16.687 Thread 0x00000265e0f66520 Exception <a 'java/lang/NoSuchMethodError'{0x0000000713e6f068}: 'java.lang.Object java.lang.invoke.DirectMethodHandle$Holder.newInvokeSpecial(java.lang.Object, java.lang.Object, int, java.lang.Object)'> (0x0000000713e6f068) 
thrown [s\src\hotspot\share\interpreter\linkResolver.cpp, line 784]
Event: 16.688 Thread 0x00000265e0f66520 Exception <a 'java/lang/NoSuchMethodError'{0x0000000713e72e68}: 'java.lang.Object java.lang.invoke.DirectMethodHandle$Holder.invokeSpecial(java.lang.Object, java.lang.Object, java.lang.Object, int, java.lang.Object)'> (0x0000000713e72e68) 
thrown [s\src\hotspot\share\interpreter\linkResolver.cpp, line 784]
Event: 16.688 Thread 0x00000265e0f66520 Exception <a 'java/lang/NoSuchMethodError'{0x0000000713e76838}: 'java.lang.Object java.lang.invoke.Invokers$Holder.linkToTargetMethod(java.lang.Object, int, java.lang.Object, java.lang.Object)'> (0x0000000713e76838) 
thrown [s\src\hotspot\share\interpreter\linkResolver.cpp, line 784]
Event: 17.147 Thread 0x00000265e0f66520 Exception <a 'java/lang/NoSuchMethodError'{0x0000000712593898}: 'java.lang.Object java.lang.invoke.DirectMethodHandle$Holder.newInvokeSpecial(java.lang.Object, java.lang.Object, java.lang.Object, java.lang.Object, java.lang.Object, java.lang.Object, java.lang.Object, java.lang.Object)'> (0x0000000712593898) 
thrown [s\src\hotspot\share\interpreter\linkResolver.cpp, line 784]
Event: 17.682 Thread 0x00000265e0f66520 Exception <a 'java/lang/NoSuchMethodError'{0x00000007134f0808}: 'java.lang.Object java.lang.invoke.DirectMethodHandle$Holder.invokeStatic(java.lang.Object, int, int)'> (0x00000007134f0808) 
thrown [s\src\hotspot\share\interpreter\linkResolver.cpp, line 784]
Event: 17.981 Thread 0x00000265e0f66520 Exception <a 'java/lang/NoSuchMethodError'{0x0000000712be3b70}: 'java.lang.Object java.lang.invoke.DirectMethodHandle$Holder.invokeStatic(java.lang.Object, java.lang.Object, java.lang.Object, java.lang.Object, java.lang.Object, int, java.lang.Object, java.lang.Object)'> (0x0000000712be3b70) 
thrown [s\src\hotspot\share\interpreter\linkResolver.cpp, line 784]
Event: 17.982 Thread 0x00000265e0f66520 Exception <a 'java/lang/NoSuchMethodError'{0x0000000712bec890}: 'java.lang.Object java.lang.invoke.DirectMethodHandle$Holder.newInvokeSpecial(java.lang.Object, java.lang.Object, java.lang.Object, java.lang.Object, java.lang.Object, int, java.lang.Object)'> (0x0000000712bec890) 
thrown [s\src\hotspot\share\interpreter\linkResolver.cpp, line 784]
Event: 17.982 Thread 0x00000265e0f66520 Exception <a 'java/lang/NoSuchMethodError'{0x0000000712bf0a80}: 'java.lang.Object java.lang.invoke.DirectMethodHandle$Holder.invokeSpecial(java.lang.Object, java.lang.Object, java.lang.Object, java.lang.Object, java.lang.Object, java.lang.Object, int, java.lang.Object)'> (0x0000000712bf0a80) 
thrown [s\src\hotspot\share\interpreter\linkResolver.cpp, line 784]
Event: 17.983 Thread 0x00000265e0f66520 Exception <a 'java/lang/NoSuchMethodError'{0x0000000712bf41f0}: 'java.lang.Object java.lang.invoke.Invokers$Holder.linkToTargetMethod(java.lang.Object, java.lang.Object, java.lang.Object, java.lang.Object, int, java.lang.Object, java.lang.Object)'> (0x0000000712bf41f0) 
thrown [s\src\hotspot\share\interpreter\linkResolver.cpp, line 784]
Event: 18.131 Thread 0x00000265e0f66520 Exception <a 'java/lang/NoSuchMethodError'{0x000000071274a5d0}: 'java.lang.Object java.lang.invoke.DirectMethodHandle$Holder.newInvokeSpecial(java.lang.Object, java.lang.Object, java.lang.Object, java.lang.Object, int, java.lang.Object)'> (0x000000071274a5d0) 
thrown [s\src\hotspot\share\interpreter\linkResolver.cpp, line 784]
Event: 18.131 Thread 0x00000265e0f66520 Exception <a 'java/lang/NoSuchMethodError'{0x000000071274e8a0}: 'java.lang.Object java.lang.invoke.DirectMethodHandle$Holder.invokeSpecial(java.lang.Object, java.lang.Object, java.lang.Object, java.lang.Object, java.lang.Object, int, java.lang.Object)'> (0x000000071274e8a0) 
thrown [s\src\hotspot\share\interpreter\linkResolver.cpp, line 784]
Event: 18.131 Thread 0x00000265e0f66520 Exception <a 'java/lang/NoSuchMethodError'{0x0000000712752478}: 'java.lang.Object java.lang.invoke.Invokers$Holder.linkToTargetMethod(java.lang.Object, java.lang.Object, java.lang.Object, int, java.lang.Object, java.lang.Object)'> (0x0000000712752478) 
thrown [s\src\hotspot\share\interpreter\linkResolver.cpp, line 784]
Event: 18.135 Thread 0x00000265e0f66520 Exception <a 'java/lang/NoSuchMethodError'{0x000000071276fb18}: 'java.lang.Object java.lang.invoke.DirectMethodHandle$Holder.invokeStatic(java.lang.Object, java.lang.Object, java.lang.Object, java.lang.Object, int, java.lang.Object)'> (0x000000071276fb18) 
thrown [s\src\hotspot\share\interpreter\linkResolver.cpp, line 784]

ZGC Phase Switch (0 events):
No events

VM Operations (20 events):
Event: 17.566 Executing VM operation: HandshakeAllThreads (Deoptimize)
Event: 17.566 Executing VM operation: HandshakeAllThreads (Deoptimize) done
Event: 17.585 Executing VM operation: HandshakeAllThreads (Deoptimize)
Event: 17.585 Executing VM operation: HandshakeAllThreads (Deoptimize) done
Event: 17.695 Executing VM operation: HandshakeAllThreads (Deoptimize)
Event: 17.695 Executing VM operation: HandshakeAllThreads (Deoptimize) done
Event: 17.827 Executing VM operation: HandshakeAllThreads (Deoptimize)
Event: 17.827 Executing VM operation: HandshakeAllThreads (Deoptimize) done
Event: 17.958 Executing VM operation: ICBufferFull
Event: 17.958 Executing VM operation: ICBufferFull done
Event: 17.978 Executing VM operation: HandshakeAllThreads (Deoptimize)
Event: 17.978 Executing VM operation: HandshakeAllThreads (Deoptimize) done
Event: 18.226 Executing VM operation: ICBufferFull
Event: 18.226 Executing VM operation: ICBufferFull done
Event: 18.524 Executing VM operation: G1CollectForAllocation (G1 Evacuation Pause)
Event: 18.532 Executing VM operation: G1CollectForAllocation (G1 Evacuation Pause) done
Event: 18.627 Executing VM operation: G1PauseRemark
Event: 18.648 Executing VM operation: G1PauseRemark done
Event: 18.682 Executing VM operation: G1PauseCleanup
Event: 18.682 Executing VM operation: G1PauseCleanup done

Memory protections (0 events):
No events

Nmethod flushes (20 events):
Event: 18.646 Thread 0x00000265fd3c8e00 flushing  nmethod 0x00000265e8f62490
Event: 18.646 Thread 0x00000265fd3c8e00 flushing  nmethod 0x00000265e8f63210
Event: 18.646 Thread 0x00000265fd3c8e00 flushing  nmethod 0x00000265e8f64d90
Event: 18.646 Thread 0x00000265fd3c8e00 flushing  nmethod 0x00000265e8f65e10
Event: 18.646 Thread 0x00000265fd3c8e00 flushing  nmethod 0x00000265e8f66810
Event: 18.646 Thread 0x00000265fd3c8e00 flushing  nmethod 0x00000265e8f67a90
Event: 18.646 Thread 0x00000265fd3c8e00 flushing  nmethod 0x00000265e8f68c10
Event: 18.646 Thread 0x00000265fd3c8e00 flushing  nmethod 0x00000265e8f69610
Event: 18.646 Thread 0x00000265fd3c8e00 flushing  nmethod 0x00000265e8f6b690
Event: 18.646 Thread 0x00000265fd3c8e00 flushing  nmethod 0x00000265e8f6d110
Event: 18.646 Thread 0x00000265fd3c8e00 flushing  nmethod 0x00000265e8fa9790
Event: 18.646 Thread 0x00000265fd3c8e00 flushing  nmethod 0x00000265e8ff6490
Event: 18.646 Thread 0x00000265fd3c8e00 flushing  nmethod 0x00000265e8ffbc90
Event: 18.646 Thread 0x00000265fd3c8e00 flushing  nmethod 0x00000265e9000b90
Event: 18.646 Thread 0x00000265fd3c8e00 flushing  nmethod 0x00000265e9005990
Event: 18.646 Thread 0x00000265fd3c8e00 flushing  nmethod 0x00000265e910a010
Event: 18.646 Thread 0x00000265fd3c8e00 flushing  nmethod 0x00000265e910ab90
Event: 18.646 Thread 0x00000265fd3c8e00 flushing  nmethod 0x00000265e910b790
Event: 18.646 Thread 0x00000265fd3c8e00 flushing  nmethod 0x00000265e910d690
Event: 18.646 Thread 0x00000265fd3c8e00 flushing  nmethod 0x00000265e9162090

Events (20 events):
Event: 0.074 Thread 0x00000265e0f66520 Thread added: 0x00000265fd443060
Event: 0.074 Thread 0x00000265e0f66520 Thread added: 0x00000265fd443de0
Event: 0.074 Thread 0x00000265e0f66520 Thread added: 0x00000265fd44cae0
Event: 0.120 Thread 0x00000265e0f66520 Thread added: 0x00000265fd5e7670
Event: 0.127 Thread 0x00000265e0f66520 Thread added: 0x00000265fd5e7e90
Event: 0.136 Loaded shared library D:\Alif\Sofware\Android Studio\jbr\bin\net.dll
Event: 0.140 Loaded shared library D:\Alif\Sofware\Android Studio\jbr\bin\nio.dll
Event: 0.158 Thread 0x00000265fd443de0 Thread added: 0x00000265fd5f2490
Event: 0.159 Thread 0x00000265fd443de0 Thread added: 0x00000265fd64ba00
Event: 0.171 Loaded shared library D:\Alif\Sofware\Android Studio\jbr\bin\zip.dll
Event: 0.214 Loaded shared library D:\Alif\Sofware\Android Studio\jbr\bin\jimage.dll
Event: 0.270 Thread 0x00000265fd64ba00 Thread exited: 0x00000265fd64ba00
Event: 0.375 Thread 0x00000265fd443de0 Thread added: 0x00000265fdad8ad0
Event: 0.627 Thread 0x00000265fdad8ad0 Thread exited: 0x00000265fdad8ad0
Event: 1.518 Thread 0x00000265fd44cae0 Thread added: 0x00000265fe7fd740
Event: 2.074 Thread 0x00000265fe7fd740 Thread exited: 0x00000265fe7fd740
Event: 2.403 Thread 0x00000265fd5f2490 Thread exited: 0x00000265fd5f2490
Event: 2.714 Thread 0x00000265fd44cae0 Thread added: 0x00000265fe7e9d10
Event: 2.736 Thread 0x00000265fd44cae0 Thread added: 0x00000265840f9dc0
Event: 9.789 Thread 0x00000265840f9dc0 Thread exited: 0x00000265840f9dc0


Dynamic libraries:
0x00007ff6233b0000 - 0x00007ff6233ba000 	D:\Alif\Sofware\Android Studio\jbr\bin\java.exe
0x00007ff999db0000 - 0x00007ff999fc7000 	C:\WINDOWS\SYSTEM32\ntdll.dll
0x00007ff997a90000 - 0x00007ff997b54000 	C:\WINDOWS\System32\KERNEL32.DLL
0x00007ff9975f0000 - 0x00007ff9979c3000 	C:\WINDOWS\System32\KERNELBASE.dll
0x00007ff996ec0000 - 0x00007ff996fd1000 	C:\WINDOWS\System32\ucrtbase.dll
0x00007ff97e300000 - 0x00007ff97e31b000 	D:\Alif\Sofware\Android Studio\jbr\bin\VCRUNTIME140.dll
0x00007ff9914c0000 - 0x00007ff9914d8000 	D:\Alif\Sofware\Android Studio\jbr\bin\jli.dll
0x00007ff997d00000 - 0x00007ff997eb1000 	C:\WINDOWS\System32\USER32.dll
0x00007ff997540000 - 0x00007ff997566000 	C:\WINDOWS\System32\win32u.dll
0x00007ff997bb0000 - 0x00007ff997bd9000 	C:\WINDOWS\System32\GDI32.dll
0x00007ff98a500000 - 0x00007ff98a798000 	C:\WINDOWS\WinSxS\amd64_microsoft.windows.common-controls_6595b64144ccf1df_6.0.22621.5124_none_270e8f4f7386d69d\COMCTL32.dll
0x00007ff997010000 - 0x00007ff99712b000 	C:\WINDOWS\System32\gdi32full.dll
0x00007ff997270000 - 0x00007ff99730a000 	C:\WINDOWS\System32\msvcp_win.dll
0x00007ff998020000 - 0x00007ff9980c7000 	C:\WINDOWS\System32\msvcrt.dll
0x00007ff997a50000 - 0x00007ff997a81000 	C:\WINDOWS\System32\IMM32.DLL
0x00007ff97f010000 - 0x00007ff97f01c000 	D:\Alif\Sofware\Android Studio\jbr\bin\vcruntime140_1.dll
0x00007ff97d9b0000 - 0x00007ff97da3d000 	D:\Alif\Sofware\Android Studio\jbr\bin\msvcp140.dll
0x00007ff914c50000 - 0x00007ff9158da000 	D:\Alif\Sofware\Android Studio\jbr\bin\server\jvm.dll
0x00007ff998db0000 - 0x00007ff998e61000 	C:\WINDOWS\System32\ADVAPI32.dll
0x00007ff997be0000 - 0x00007ff997c88000 	C:\WINDOWS\System32\sechost.dll
0x00007ff996fe0000 - 0x00007ff997008000 	C:\WINDOWS\System32\bcrypt.dll
0x00007ff998180000 - 0x00007ff998294000 	C:\WINDOWS\System32\RPCRT4.dll
0x00007ff998f30000 - 0x00007ff998fa1000 	C:\WINDOWS\System32\WS2_32.dll
0x00007ff992390000 - 0x00007ff99239a000 	C:\WINDOWS\SYSTEM32\VERSION.dll
0x00007ff991f70000 - 0x00007ff991fa4000 	C:\WINDOWS\SYSTEM32\WINMM.dll
0x00007ff996d90000 - 0x00007ff996ddd000 	C:\WINDOWS\SYSTEM32\POWRPROF.dll
0x00007ff996d70000 - 0x00007ff996d83000 	C:\WINDOWS\SYSTEM32\UMPDC.dll
0x00007ff995ec0000 - 0x00007ff995ed8000 	C:\WINDOWS\SYSTEM32\kernel.appcore.dll
0x00007ff97ae00000 - 0x00007ff97ae0a000 	D:\Alif\Sofware\Android Studio\jbr\bin\jimage.dll
0x00007ff98ea80000 - 0x00007ff98ecb2000 	C:\WINDOWS\SYSTEM32\DBGHELP.DLL
0x00007ff9995f0000 - 0x00007ff999982000 	C:\WINDOWS\System32\combase.dll
0x00007ff998cd0000 - 0x00007ff998da7000 	C:\WINDOWS\System32\OLEAUT32.dll
0x00007ff97e020000 - 0x00007ff97e052000 	C:\WINDOWS\SYSTEM32\dbgcore.DLL
0x00007ff997570000 - 0x00007ff9975eb000 	C:\WINDOWS\System32\bcryptPrimitives.dll
0x00007ff97ade0000 - 0x00007ff97ae00000 	D:\Alif\Sofware\Android Studio\jbr\bin\java.dll
0x00007ff97adc0000 - 0x00007ff97add8000 	D:\Alif\Sofware\Android Studio\jbr\bin\zip.dll
0x00007ff998300000 - 0x00007ff998b96000 	C:\WINDOWS\System32\SHELL32.dll
0x00007ff997130000 - 0x00007ff99726f000 	C:\WINDOWS\System32\wintypes.dll
0x00007ff994d90000 - 0x00007ff9956aa000 	C:\WINDOWS\SYSTEM32\windows.storage.dll
0x00007ff999430000 - 0x00007ff99953a000 	C:\WINDOWS\System32\SHCORE.dll
0x00007ff997c90000 - 0x00007ff997cf3000 	C:\WINDOWS\System32\shlwapi.dll
0x00007ff996df0000 - 0x00007ff996e1b000 	C:\WINDOWS\SYSTEM32\profapi.dll
0x00007ff97adb0000 - 0x00007ff97adc0000 	D:\Alif\Sofware\Android Studio\jbr\bin\net.dll
0x00007ff9921c0000 - 0x00007ff9922ec000 	C:\WINDOWS\SYSTEM32\WINHTTP.dll
0x00007ff996370000 - 0x00007ff9963da000 	C:\WINDOWS\system32\mswsock.dll
0x00007ff97ad90000 - 0x00007ff97ada6000 	D:\Alif\Sofware\Android Studio\jbr\bin\nio.dll
0x00007ff95f2b0000 - 0x00007ff95f2c0000 	D:\Alif\Sofware\Android Studio\jbr\bin\verify.dll

dbghelp: loaded successfully - version: 4.0.5 - missing functions: none
symbol engine: initialized successfully - sym options: 0x614 - pdb path: .;D:\Alif\Sofware\Android Studio\jbr\bin;C:\WINDOWS\SYSTEM32;C:\WINDOWS\WinSxS\amd64_microsoft.windows.common-controls_6595b64144ccf1df_6.0.22621.5124_none_270e8f4f7386d69d;D:\Alif\Sofware\Android Studio\jbr\bin\server

VM Arguments:
java_command: org.jetbrains.kotlin.cli.jvm.K2JVMCompiler @C:\Users\USER\AndroidStudioProjects\Solvr\app\build\20250514_8392681767127222972.compiler.options
java_class_path (initial): C:\Users\USER\.gradle\caches\modules-2\files-2.1\org.jetbrains.kotlin\kotlin-compiler-embeddable\2.0.21\79346ed53db48b18312a472602eb5c057070c54d\kotlin-compiler-embeddable-2.0.21.jar;C:\Users\USER\.gradle\caches\modules-2\files-2.1\org.jetbrains.kotlin\kotlin-stdlib\2.0.21\618b539767b4899b4660a83006e052b63f1db551\kotlin-stdlib-2.0.21.jar;C:\Users\USER\.gradle\caches\modules-2\files-2.1\org.jetbrains.kotlin\kotlin-script-runtime\2.0.21\c9b044380ad41f89aa89aa896c2d32a8c0b2129d\kotlin-script-runtime-2.0.21.jar;C:\Users\USER\.gradle\caches\modules-2\files-2.1\org.jetbrains.kotlin\kotlin-reflect\1.6.10\1cbe9c92c12a94eea200d23c2bbaedaf3daf5132\kotlin-reflect-1.6.10.jar;C:\Users\USER\.gradle\caches\modules-2\files-2.1\org.jetbrains.kotlin\kotlin-daemon-embeddable\2.0.21\c9e933b23287de9b5a17e2116b4657bb91aea72c\kotlin-daemon-embeddable-2.0.21.jar;C:\Users\USER\.gradle\caches\modules-2\files-2.1\org.jetbrains.intellij.deps\trove4j\1.0.20200330\3afb14d5f9ceb459d724e907a21145e8ff394f02\trove4j-1.0.20200330.jar;C:\Users\USER\.gradle\caches\modules-2\files-2.1\org.jetbrains.kotlinx\kotlinx-coroutines-core-jvm\1.6.4\2c997cd1c0ef33f3e751d3831929aeff1390cb30\kotlinx-coroutines-core-jvm-1.6.4.jar;C:\Users\USER\.gradle\caches\modules-2\files-2.1\org.jetbrains\annotations\13.0\919f0dfe192fb4e063e7dacadee7f8bb9a2672a9\annotations-13.0.jar
Launcher Type: SUN_STANDARD

[Global flags]
     intx CICompilerCount                          = 4                                         {product} {ergonomic}
     uint ConcGCThreads                            = 3                                         {product} {ergonomic}
     uint G1ConcRefinementThreads                  = 10                                        {product} {ergonomic}
   size_t G1HeapRegionSize                         = 2097152                                   {product} {ergonomic}
    uintx GCDrainStackTargetSize                   = 64                                        {product} {ergonomic}
   size_t InitialHeapSize                          = 260046848                                 {product} {ergonomic}
   size_t MarkStackSize                            = 4194304                                   {product} {ergonomic}
   size_t MaxHeapSize                              = 4139778048                                {product} {ergonomic}
   size_t MaxNewSize                               = 2483027968                                {product} {ergonomic}
   size_t MinHeapDeltaBytes                        = 2097152                                   {product} {ergonomic}
   size_t MinHeapSize                              = 8388608                                   {product} {ergonomic}
    uintx NonNMethodCodeHeapSize                   = 5839372                                {pd product} {ergonomic}
    uintx NonProfiledCodeHeapSize                  = 122909434                              {pd product} {ergonomic}
    uintx ProfiledCodeHeapSize                     = 122909434                              {pd product} {ergonomic}
    uintx ReservedCodeCacheSize                    = 251658240                              {pd product} {ergonomic}
     bool SegmentedCodeCache                       = true                                      {product} {ergonomic}
   size_t SoftMaxHeapSize                          = 4139778048                             {manageable} {ergonomic}
     bool UseCompressedOops                        = true                           {product lp64_product} {ergonomic}
     bool UseG1GC                                  = true                                      {product} {ergonomic}
     bool UseLargePagesIndividualAllocation        = false                                  {pd product} {ergonomic}

Logging:
Log output configuration:
 #0: stdout all=warning uptime,level,tags foldmultilines=false
 #1: stderr all=off uptime,level,tags foldmultilines=false

Environment Variables:
PATH=D:\Alif\Sofware\apache-maven-3.8.5\bin;C:\ProgramData\Oracle\Java\javapath;C:\Program Files (x86)\Common Files\Intel\Shared Libraries\redist\intel64\compiler;C:\Windows\system32;C:\Windows;C:\Windows\System32\Wbem;C:\Windows\System32\WindowsPowerShell\v1.0\;C:\Windows\System32\OpenSSH\;C:\Program Files (x86)\NVIDIA Corporation\PhysX\Common;C:\Program Files\NVIDIA Corporation\NVIDIA NvDLISR;C:\Program Files\dotnet\;C:\Program Files (x86)\dotnet\;C:\WINDOWS\system32;C:\WINDOWS;C:\WINDOWS\System32\Wbem;C:\WINDOWS\System32\WindowsPowerShell\v1.0\;C:\WINDOWS\System32\OpenSSH\;D:\Alif\Sofware\Git\cmd;C:\Users\USER\AppData\Local\Programs\Python\Python38\Scripts\;C:\Users\USER\AppData\Local\Programs\Python\Python38\;C:\Users\USER\AppData\Local\Microsoft\WindowsApps;D:\Alif\Sofware\Microsoft VS Code\bin;C:\Users\USER\AppData\Roaming\npm;C:\Users\USER\go\bin;C:\ProgramData\ComposerSetup\bin;C:\Users\USER\AppData\Local\Pub\Cache\bin;D:\Alif\Sofware\go\bin;C:\WINDOWS\system32;C:\WINDOWS;C:\WINDOWS\System32\Wbem;C:\WINDOWS\System32\WindowsPowerShell\v1.0\;C:\WINDOWS\System32\OpenSSH\;C:\MinGW\bin;D:\Alif\Sofware\sqlc;C:\Windows\System32;C:\Program Files\NVIDIA Corporation\Nsight Compute 2022.2.0\;D:\XAMPP\php;D:\XAMPP\php\php;D:\Alif\Sofware\php;C:\Program Files\Docker\Docker\resources\bin;C:\Program Files (x86)\Microsoft SQL Server\160\Tools\Binn\;D:\Alif\Sofware\SQL Server\160\Tools\Binn\;D:\Alif\Sofware\SQL Server\Client SDK\ODBC\170\Tools\Binn\;D:\Alif\Sofware\SQL Server\160\DTS\Binn\;C:\Program Files (x86)\Microsoft SQL Server\160\DTS\Binn\;C:\Users\USER\AppData\Local\Programs\Python\Python38\Scripts\;C:\Users\USER\AppData\Local\Programs\Python\Python38\;C:\Users\USER\scoop\shims;C:\Users\USER\AppData\Local\Microsoft\WindowsApps;C:\Users\USER\AppData\Local\Programs\Microsoft VS Code\bin;D:\Alif\Sofware\nodejs;D:\Alif\Sofware\apache-maven-3.8.5\bin;C:\Users\USER\.dotnet\tools;C:\Users\USER\AppData\Roaming\Composer\vendor\bin;D:\Alif\Sofware\IntelliJ IDEA Community Edition 2022.2.2\bin;D:\src\flutter\bin;C:\Users\USER\AppData\Local\Pub\Cache\bin;C:\Users\USER\go\bin;D:\Alif\Sofware\GoLand 2022.3.1\bin;D:\Alif\Sofware\sqlc;C:\Windows\System32;C:\protoc\bin;C:\Users\USER\AppData\Local\Microsoft\WinGet\Packages\Schniz.fnm_Microsoft.Winget.Source_8wekyb3d8bbwe;D:\XAMPP\php;D:\XAMPP\php\php;D:\Alif\Sofware\php;D:\Alif\Sofware\IntelliJ IDEA 2024.3.4.1\bin;;D:\Alif\Sofware\IntelliJ IDEA Community Edition 2024.3.5\bin;;C:\Users\USER\AppData\Local\Yarn\bin;
USERNAME=USER
OS=Windows_NT
PROCESSOR_IDENTIFIER=AMD64 Family 23 Model 96 Stepping 1, AuthenticAMD
TMP=C:\Users\USER\AppData\Local\Temp
TEMP=C:\Users\USER\AppData\Local\Temp




Periodic native trim disabled

JNI global refs:
JNI global refs: 12, weak refs: 8

JNI global refs memory usage: 835, weak refs: 833

Process memory usage:
Resident Set Size: 485900K (3% of 16170292K total physical memory with 422372K free physical memory)

OOME stack traces (most recent first):
Classloader memory used:
Loader jdk.internal.loader.ClassLoaders$AppClassLoader                                 : 83346K
Loader bootstrap                                                                       : 11548K

---------------  S Y S T E M  ---------------

OS:
 Windows 11 , 64 bit Build 22621 (10.0.22621.5124)
OS uptime: 0 days 6:59 hours
Hyper-V role detected

CPU: total 12 (initial active 12) (12 cores per cpu, 2 threads per core) family 23 model 96 stepping 1 microcode 0x0, cx8, cmov, fxsr, ht, mmx, 3dnowpref, sse, sse2, sse3, ssse3, sse4a, sse4.1, sse4.2, popcnt, lzcnt, tsc, tscinvbit, avx, avx2, aes, clmul, bmi1, bmi2, adx, sha, fma, vzeroupper, clflush, clflushopt, hv, rdtscp, rdpid, f16c
Processor Information for all 12 processors :
  Max Mhz: 3000, Current Mhz: 3000, Mhz Limit: 3000

Memory: 4k page, system-wide physical 15791M (412M free)
TotalPageFile size 26647M (AvailPageFile size 5M)
current process WorkingSet (physical memory assigned to process): 475M, peak: 484M
current process commit charge ("private bytes"): 526M, peak: 527M

vm_info: OpenJDK 64-Bit Server VM (21.0.5+-12932927-b750.29) for windows-amd64 JRE (21.0.5+-12932927-b750.29), built on 2025-01-17T02:01:10Z by "builder" with MS VC++ 16.10 / 16.11 (VS2019)

END.
